[2026-01-03 17:33:56] ================================================================================
[2026-01-03 17:33:56] STEP 1: Searching for EGFR target in ChEMBL
[2026-01-03 17:33:56] ================================================================================
[2026-01-03 17:34:00] Found 20 targets matching 'EGFR'
[2026-01-03 17:34:00] 
Available EGFR targets:
[2026-01-03 17:34:00] 
================================================================================
[2026-01-03 17:34:00] STEP 2: Extracting bioactivity data for CHEMBL203
[2026-01-03 17:34:00] ================================================================================
[2026-01-03 17:34:00] Querying ChEMBL for IC50 data...
[2026-01-03 17:34:00] This may take 2-5 minutes for large datasets...
[2026-01-03 18:12:10] ================================================================================
[2026-01-03 18:12:10] STEP 1: Searching for EGFR target in ChEMBL
[2026-01-03 18:12:10] ================================================================================
[2026-01-03 18:12:10] Found 20 targets matching 'EGFR'
[2026-01-03 18:12:10] 
Available EGFR targets:
[2026-01-03 18:12:10] 
================================================================================
[2026-01-03 18:12:10] STEP 2: Extracting bioactivity data for CHEMBL203
[2026-01-03 18:12:10] ================================================================================
[2026-01-03 18:12:10] Querying ChEMBL for IC50 data...
[2026-01-03 18:12:10] This may take 2-5 minutes for large datasets...
[2026-01-03 18:39:09] ✓ Query completed in 1618.3 seconds
[2026-01-03 18:39:09] ✓ Retrieved 25758 bioactivity records
[2026-01-03 18:39:09] 
================================================================================
[2026-01-03 18:39:09] STEP 3: Data Inspection
[2026-01-03 18:39:09] ================================================================================
[2026-01-03 18:39:09] 
Dataset shape: 25758 rows × 46 columns
[2026-01-03 18:39:09] 
Key columns availability:
[2026-01-03 18:39:09]   ✓ molecule_chembl_id: 0 missing (0.0%)
[2026-01-03 18:39:09]   ✓ canonical_smiles: 47 missing (0.2%)
[2026-01-03 18:39:09]   ✓ standard_value: 1395 missing (5.4%)
[2026-01-03 18:39:09]   ✓ standard_units: 1253 missing (4.9%)
[2026-01-03 18:39:09]   ✓ standard_type: 0 missing (0.0%)
[2026-01-03 18:39:09] 
IC50 units distribution:
[2026-01-03 18:39:09] 
IC50 value statistics:
[2026-01-03 18:39:09]   Min: 5.012e-09
[2026-01-03 18:39:09]   Max: 933254300.8
[2026-01-03 18:39:09]   Median: 100.0
[2026-01-03 18:39:09]   Mean: 3103448.78
[2026-01-03 18:39:09] 
================================================================================
[2026-01-03 18:39:09] STEP 4: Saving raw data
[2026-01-03 18:39:09] ================================================================================
[2026-01-03 18:39:10] ✓ Raw data saved to: data/raw/chembl_egfr_raw.csv
[2026-01-03 18:39:10] ✓ File size: 23.5 MB
[2026-01-03 18:39:10] ✓ Number of columns: 46
